Build started 10/20/2015 12:17:16 PM.
     1>Project "C:\Users\Nikita\SkyDrive\Documents\ITMO\Course 2\Computational_mathematics\Comp.Math(Labs 1-5)\Comp.Math(Labs 1-5)\Comp.Math(Labs 1-5).vcxproj" on node 2 (Build target(s)).
     1>ClCompile:
         C:\Program Files (x86)\Microsoft Visual Studio 14.0\VC\bin\CL.exe /c /I"C:\Users\Nikita\SkyDrive\Documents\ITMO\Course 2\Computational_mathematics\Comp.Math(Labs 1-5)\Comp.Math(Labs 1-5)\Headers" /Zi /nologo /W3 /WX- /sdl /O2 /Oi /Oy- /GL /D WIN32 /D NDEBUG /D _CONSOLE /D _UNICODE /D UNICODE /Gm- /EHsc /MD /GS /Gy /fp:precise /Zc:wchar_t /Zc:forScope /Zc:inline /Fo"Release\\" /Fd"Release\vc140.pdb" /Gd /TP /analyze- /errorReport:prompt Main.cpp
         Main.cpp
     1>c:\users\nikita\skydrive\documents\itmo\course 2\computational_mathematics\comp.math(labs 1-5)\comp.math(labs 1-5)\Headers\winbgitypes.h(18): fatal error C1083: Cannot open include file: 'winbgim.h': No such file or directory
     1>Done Building Project "C:\Users\Nikita\SkyDrive\Documents\ITMO\Course 2\Computational_mathematics\Comp.Math(Labs 1-5)\Comp.Math(Labs 1-5)\Comp.Math(Labs 1-5).vcxproj" (Build target(s)) -- FAILED.

Build FAILED.

Time Elapsed 00:00:02.42
